<?xml version="1.0" encoding="UTF-8"?>
<!-- Generated by org.testng.reporters.JUnitReportReporter -->
<testsuite hostname="LUMINARCLT" failures="0" tests="6" name="com.Nopcommerce.test.ProductTest" time="118.185" errors="0" timestamp="2025-08-22T16:00:57 IST" skipped="0">
  <testcase classname="com.Nopcommerce.test.ProductTest" name="verifyProductname" time="6.325"/>
  <testcase classname="com.Nopcommerce.test.ProductTest" name="verifyWishlistwithoutsignin" time="5.641"/>
  <testcase classname="com.Nopcommerce.test.ProductTest" name="verifyWishlistwithsignin" time="36.394"/>
  <testcase classname="com.Nopcommerce.test.ProductTest" name="wishlistItemshow" time="37.931"/>
  <testcase classname="com.Nopcommerce.test.ProductTest" name="verifyFilter" time="9.278"/>
  <testcase classname="com.Nopcommerce.test.ProductTest" name="vendorDetails" time="22.616"/>
</testsuite> <!-- com.Nopcommerce.test.ProductTest -->
