<?xml version="1.0" encoding="UTF-8"?>
<!-- Generated by org.testng.reporters.JUnitReportReporter -->
<testsuite hostname="LUMINARCLT" failures="0" tests="2" name="com.Nopcommerce.test.RegisterTest" time="62.853" errors="0" timestamp="2025-08-22T16:00:57 IST" skipped="0">
  <testcase classname="com.Nopcommerce.test.RegisterTest" name="verifyRegister" time="5.836"/>
  <testcase classname="com.Nopcommerce.test.RegisterTest" name="verify_login" time="57.017"/>
</testsuite> <!-- com.Nopcommerce.test.RegisterTest -->
